#
# There is insufficient memory for the Java Runtime Environment to continue.
# Native memory allocation (malloc) failed to allocate 32744 bytes for ChunkPool::allocate
# Possible reasons:
#   The system is out of physical RAM or swap space
#   The process is running with CompressedOops enabled, and the Java Heap may be blocking the growth of the native heap
# Possible solutions:
#   Reduce memory load on the system
#   Increase physical memory or swap space
#   Check if swap backing store is full
#   Decrease Java heap size (-Xmx/-Xms)
#   Decrease number of Java threads
#   Decrease Java thread stack sizes (-Xss)
#   Set larger code cache with -XX:ReservedCodeCacheSize=
#   JVM is running with Unscaled Compressed Oops mode in which the Java heap is
#     placed in the first 4GB address space. The Java Heap base address is the
#     maximum limit for the native heap growth. Please use -XX:HeapBaseMinAddress
#     to set the Java Heap base and to place the Java Heap above 4GB virtual address.
# This output file may be truncated or incomplete.
#
#  Out of Memory Error (arena.cpp:78), pid=29256, tid=20348
#
# JRE version: Java(TM) SE Runtime Environment (17.0.9+11) (build 17.0.9+11-LTS-201)
# Java VM: Java HotSpot(TM) 64-Bit Server VM (17.0.9+11-LTS-201, mixed mode, sharing, tiered, compressed oops, compressed class ptrs, g1 gc, windows-amd64)
# No core dump will be written. Minidumps are not enabled by default on client versions of Windows
#

---------------  S U M M A R Y ------------

Command Line: -Dfile.encoding=UTF-8 -Dstdout.encoding=UTF-8 -Dstderr.encoding=UTF-8 -XX:+ShowCodeDetailsInExceptionMessages seleniumbasics.FindingWebElement

Host: 12th Gen Intel(R) Core(TM) i3-1215U, 8 cores, 7G,  Windows 11 , 64 bit Build 22621 (10.0.22621.2506)
Time: Sat Jan 20 22:57:15 2024 India Standard Time elapsed time: 13735.276394 seconds (0d 3h 48m 55s)

---------------  T H R E A D  ---------------

Current thread (0x00000201d22b26c0):  JavaThread "C2 CompilerThread0" daemon [_thread_in_native, id=20348, stack(0x000000de56100000,0x000000de56200000)]


Current CompileTask:
C2:13735276 1827   !   4       sun.nio.ch.WEPollSelectorImpl::doSelect (107 bytes)

Stack: [0x000000de56100000,0x000000de56200000]
Native frames: (J=compiled Java code, j=interpreted, Vv=VM code, C=native code)
V  [jvm.dll+0x678a4a]
V  [jvm.dll+0x7d9cfd]
V  [jvm.dll+0x7db60e]
V  [jvm.dll+0x7dbc73]
V  [jvm.dll+0x245e1f]
V  [jvm.dll+0xaad50]
V  [jvm.dll+0xab09c]
V  [jvm.dll+0x605f3e]
V  [jvm.dll+0x60b97c]
V  [jvm.dll+0x60c89c]
V  [jvm.dll+0x60ad74]
V  [jvm.dll+0x217fae]
V  [jvm.dll+0x217561]
V  [jvm.dll+0x1a3bc0]
V  [jvm.dll+0x2272de]
V  [jvm.dll+0x22548b]
V  [jvm.dll+0x78f58c]
V  [jvm.dll+0x78998a]
V  [jvm.dll+0x677875]
C  [ucrtbase.dll+0x29363]
C  [KERNEL32.DLL+0x1257d]
C  [ntdll.dll+0x5aa58]


---------------  P R O C E S S  ---------------

Threads class SMR info:
_java_thread_list=0x0000020218409090, length=17, elements={
0x00000201d228f600, 0x00000201d2292390, 0x00000201d22a3a30, 0x00000201d22a43f0,
0x00000201d22a61d0, 0x00000201d22a6b90, 0x00000201d22b26c0, 0x00000201d22a8a10,
0x00000201d22d1840, 0x00000201d24e3ad0, 0x00000201d24f7c90, 0x00000201d2e56a70,
0x00000201d2e8ad80, 0x00000201d2e8b260, 0x000002021848c0d0, 0x00000201d2eef480,
0x00000201d2eefea0
}

Java Threads: ( => current thread )
  0x00000201d228f600 JavaThread "Reference Handler" daemon [_thread_blocked, id=24124, stack(0x000000de55b00000,0x000000de55c00000)]
  0x00000201d2292390 JavaThread "Finalizer" daemon [_thread_blocked, id=28084, stack(0x000000de55c00000,0x000000de55d00000)]
  0x00000201d22a3a30 JavaThread "Signal Dispatcher" daemon [_thread_blocked, id=25660, stack(0x000000de55d00000,0x000000de55e00000)]
  0x00000201d22a43f0 JavaThread "Attach Listener" daemon [_thread_blocked, id=29220, stack(0x000000de55e00000,0x000000de55f00000)]
  0x00000201d22a61d0 JavaThread "Service Thread" daemon [_thread_blocked, id=34116, stack(0x000000de55f00000,0x000000de56000000)]
  0x00000201d22a6b90 JavaThread "Monitor Deflation Thread" daemon [_thread_blocked, id=35752, stack(0x000000de56000000,0x000000de56100000)]
=>0x00000201d22b26c0 JavaThread "C2 CompilerThread0" daemon [_thread_in_native, id=20348, stack(0x000000de56100000,0x000000de56200000)]
  0x00000201d22a8a10 JavaThread "C1 CompilerThread0" daemon [_thread_blocked, id=34948, stack(0x000000de56200000,0x000000de56300000)]
  0x00000201d22d1840 JavaThread "Sweeper thread" daemon [_thread_blocked, id=31864, stack(0x000000de56300000,0x000000de56400000)]
  0x00000201d24e3ad0 JavaThread "Notification Thread" daemon [_thread_blocked, id=31144, stack(0x000000de56400000,0x000000de56500000)]
  0x00000201d24f7c90 JavaThread "Common-Cleaner" daemon [_thread_blocked, id=28244, stack(0x000000de56600000,0x000000de56700000)]
  0x00000201d2e56a70 JavaThread "HttpClient-1-SelectorManager" daemon [_thread_in_native, id=33348, stack(0x000000de56900000,0x000000de56a00000)]
  0x00000201d2e8ad80 JavaThread "Thread-2" [_thread_in_native, id=34072, stack(0x000000de56a00000,0x000000de56b00000)]
  0x00000201d2e8b260 JavaThread "Driver Service Executor" daemon [_thread_blocked, id=33176, stack(0x000000de56b00000,0x000000de56c00000)]
  0x000002021848c0d0 JavaThread "Driver Service Executor" daemon [_thread_blocked, id=34856, stack(0x000000de56c00000,0x000000de56d00000)]
  0x00000201d2eef480 JavaThread "HttpClient-2-SelectorManager" daemon [_thread_in_native, id=33936, stack(0x000000de56800000,0x000000de56900000)]
  0x00000201d2eefea0 JavaThread "DestroyJavaVM" [_thread_blocked, id=14656, stack(0x000000de55400000,0x000000de55500000)]

Other Threads:
  0x00000201d228ba00 VMThread "VM Thread" [stack: 0x000000de55a00000,0x000000de55b00000] [id=34648]
  0x00000201d24e7fe0 WatcherThread [stack: 0x000000de56500000,0x000000de56600000] [id=27796]
  0x00000201b4380650 GCTaskThread "GC Thread#0" [stack: 0x000000de55500000,0x000000de55600000] [id=34340]
  0x00000201d2ef2ac0 GCTaskThread "GC Thread#1" [stack: 0x000000de57000000,0x000000de57100000] [id=34408]
  0x0000020218369830 GCTaskThread "GC Thread#2" [stack: 0x000000de57100000,0x000000de57200000] [id=32000]
  0x0000020218369af0 GCTaskThread "GC Thread#3" [stack: 0x000000de57200000,0x000000de57300000] [id=20780]
  0x00000201d2eec350 GCTaskThread "GC Thread#4" [stack: 0x000000de57300000,0x000000de57400000] [id=34780]
  0x00000201d2f0b5e0 GCTaskThread "GC Thread#5" [stack: 0x000000de57400000,0x000000de57500000] [id=34228]
  0x00000201d2eff230 GCTaskThread "GC Thread#6" [stack: 0x000000de57500000,0x000000de57600000] [id=5600]
  0x00000201d2eff4f0 GCTaskThread "GC Thread#7" [stack: 0x000000de57600000,0x000000de57700000] [id=35804]
  0x00000201b4390d20 ConcurrentGCThread "G1 Main Marker" [stack: 0x000000de55600000,0x000000de55700000] [id=26256]
  0x00000201b4391730 ConcurrentGCThread "G1 Conc#0" [stack: 0x000000de55700000,0x000000de55800000] [id=16320]
  0x00000201b43eda30 ConcurrentGCThread "G1 Refine#0" [stack: 0x000000de55800000,0x000000de55900000] [id=28176]
  0x00000201d2f037c0 ConcurrentGCThread "G1 Refine#1" [stack: 0x000000de57700000,0x000000de57800000] [id=2328]
  0x00000201b43ee460 ConcurrentGCThread "G1 Service" [stack: 0x000000de55900000,0x000000de55a00000] [id=22236]

Threads with active compile tasks:
C2 CompilerThread0  13735314 1827   !   4       sun.nio.ch.WEPollSelectorImpl::doSelect (107 bytes)

VM state: not at safepoint (normal execution)

VM Mutex/Monitor currently owned by a thread: None

Heap address: 0x0000000084400000, size: 1980 MB, Compressed Oops mode: 32-bit

CDS archive(s) mapped at: [0x00000201d3000000-0x00000201d3bd0000-0x00000201d3bd0000), size 12386304, SharedBaseAddress: 0x00000201d3000000, ArchiveRelocationMode: 1.
Compressed class space mapped at: 0x00000201d4000000-0x0000020214000000, reserved size: 1073741824
Narrow klass base: 0x00000201d3000000, Narrow klass shift: 0, Narrow klass range: 0x100000000

GC Precious Log:
 CPUs: 8 total, 8 available
 Memory: 7916M
 Large Page Support: Disabled
 NUMA Support: Disabled
 Compressed Oops: Enabled (32-bit)
 Heap Region Size: 1M
 Heap Min Capacity: 8M
 Heap Initial Capacity: 124M
 Heap Max Capacity: 1980M
 Pre-touch: Disabled
 Parallel Workers: 8
 Concurrent Workers: 2
 Concurrent Refinement Workers: 8
 Periodic GC: Disabled

Heap:
 garbage-first heap   total 126976K, used 20034K [0x0000000084400000, 0x0000000100000000)
  region size 1024K, 18 young (18432K), 3 survivors (3072K)
 Metaspace       used 13297K, committed 13568K, reserved 1114112K
  class space    used 1638K, committed 1792K, reserved 1048576K

Heap Regions: E=young(eden), S=young(survivor), O=old, HS=humongous(starts), HC=humongous(continues), CS=collection set, F=free, OA=open archive, CA=closed archive, TAMS=top-at-mark-start (previous, next)
|   0|0x0000000084400000, 0x0000000084500000, 0x0000000084500000|100%| O|  |TAMS 0x0000000084400000, 0x0000000084400000| Untracked 
|   1|0x0000000084500000, 0x0000000084600000, 0x0000000084600000|100%| O|  |TAMS 0x0000000084500000, 0x0000000084500000| Untracked 
|   2|0x0000000084600000, 0x0000000084690a00, 0x0000000084700000| 56%| O|  |TAMS 0x0000000084600000, 0x0000000084600000| Untracked 
|   3|0x0000000084700000, 0x0000000084700000, 0x0000000084800000|  0%| F|  |TAMS 0x0000000084700000, 0x0000000084700000| Untracked 
|   4|0x0000000084800000, 0x0000000084800000, 0x0000000084900000|  0%| F|  |TAMS 0x0000000084800000, 0x0000000084800000| Untracked 
|   5|0x0000000084900000, 0x0000000084900000, 0x0000000084a00000|  0%| F|  |TAMS 0x0000000084900000, 0x0000000084900000| Untracked 
|   6|0x0000000084a00000, 0x0000000084a00000, 0x0000000084b00000|  0%| F|  |TAMS 0x0000000084a00000, 0x0000000084a00000| Untracked 
|   7|0x0000000084b00000, 0x0000000084b00000, 0x0000000084c00000|  0%| F|  |TAMS 0x0000000084b00000, 0x0000000084b00000| Untracked 
|   8|0x0000000084c00000, 0x0000000084c00000, 0x0000000084d00000|  0%| F|  |TAMS 0x0000000084c00000, 0x0000000084c00000| Untracked 
|   9|0x0000000084d00000, 0x0000000084d00000, 0x0000000084e00000|  0%| F|  |TAMS 0x0000000084d00000, 0x0000000084d00000| Untracked 
|  10|0x0000000084e00000, 0x0000000084e00000, 0x0000000084f00000|  0%| F|  |TAMS 0x0000000084e00000, 0x0000000084e00000| Untracked 
|  11|0x0000000084f00000, 0x0000000084f00000, 0x0000000085000000|  0%| F|  |TAMS 0x0000000084f00000, 0x0000000084f00000| Untracked 
|  12|0x0000000085000000, 0x0000000085000000, 0x0000000085100000|  0%| F|  |TAMS 0x0000000085000000, 0x0000000085000000| Untracked 
|  13|0x0000000085100000, 0x0000000085100000, 0x0000000085200000|  0%| F|  |TAMS 0x0000000085100000, 0x0000000085100000| Untracked 
|  14|0x0000000085200000, 0x0000000085200000, 0x0000000085300000|  0%| F|  |TAMS 0x0000000085200000, 0x0000000085200000| Untracked 
|  15|0x0000000085300000, 0x0000000085300000, 0x0000000085400000|  0%| F|  |TAMS 0x0000000085300000, 0x0000000085300000| Untracked 
|  16|0x0000000085400000, 0x0000000085400000, 0x0000000085500000|  0%| F|  |TAMS 0x0000000085400000, 0x0000000085400000| Untracked 
|  17|0x0000000085500000, 0x0000000085500000, 0x0000000085600000|  0%| F|  |TAMS 0x0000000085500000, 0x0000000085500000| Untracked 
|  18|0x0000000085600000, 0x0000000085600000, 0x0000000085700000|  0%| F|  |TAMS 0x0000000085600000, 0x0000000085600000| Untracked 
|  19|0x0000000085700000, 0x0000000085700000, 0x0000000085800000|  0%| F|  |TAMS 0x0000000085700000, 0x0000000085700000| Untracked 
|  20|0x0000000085800000, 0x0000000085800000, 0x0000000085900000|  0%| F|  |TAMS 0x0000000085800000, 0x0000000085800000| Untracked 
|  21|0x0000000085900000, 0x0000000085900000, 0x0000000085a00000|  0%| F|  |TAMS 0x0000000085900000, 0x0000000085900000| Untracked 
|  22|0x0000000085a00000, 0x0000000085a00000, 0x0000000085b00000|  0%| F|  |TAMS 0x0000000085a00000, 0x0000000085a00000| Untracked 
|  23|0x0000000085b00000, 0x0000000085b00000, 0x0000000085c00000|  0%| F|  |TAMS 0x0000000085b00000, 0x0000000085b00000| Untracked 
|  24|0x0000000085c00000, 0x0000000085c00000, 0x0000000085d00000|  0%| F|  |TAMS 0x0000000085c00000, 0x0000000085c00000| Untracked 
|  25|0x0000000085d00000, 0x0000000085d00000, 0x0000000085e00000|  0%| F|  |TAMS 0x0000000085d00000, 0x0000000085d00000| Untracked 
|  26|0x0000000085e00000, 0x0000000085e00000, 0x0000000085f00000|  0%| F|  |TAMS 0x0000000085e00000, 0x0000000085e00000| Untracked 
|  27|0x0000000085f00000, 0x0000000085f00000, 0x0000000086000000|  0%| F|  |TAMS 0x0000000085f00000, 0x0000000085f00000| Untracked 
|  28|0x0000000086000000, 0x0000000086000000, 0x0000000086100000|  0%| F|  |TAMS 0x0000000086000000, 0x0000000086000000| Untracked 
|  29|0x0000000086100000, 0x0000000086100000, 0x0000000086200000|  0%| F|  |TAMS 0x0000000086100000, 0x0000000086100000| Untracked 
|  30|0x0000000086200000, 0x0000000086200000, 0x0000000086300000|  0%| F|  |TAMS 0x0000000086200000, 0x0000000086200000| Untracked 
|  31|0x0000000086300000, 0x0000000086300000, 0x0000000086400000|  0%| F|  |TAMS 0x0000000086300000, 0x0000000086300000| Untracked 
|  32|0x0000000086400000, 0x0000000086400000, 0x0000000086500000|  0%| F|  |TAMS 0x0000000086400000, 0x0000000086400000| Untracked 
|  33|0x0000000086500000, 0x0000000086500000, 0x0000000086600000|  0%| F|  |TAMS 0x0000000086500000, 0x0000000086500000| Untracked 
|  34|0x0000000086600000, 0x0000000086600000, 0x0000000086700000|  0%| F|  |TAMS 0x0000000086600000, 0x0000000086600000| Untracked 
|  35|0x0000000086700000, 0x0000000086700000, 0x0000000086800000|  0%| F|  |TAMS 0x0000000086700000, 0x0000000086700000| Untracked 
|  36|0x0000000086800000, 0x0000000086800000, 0x0000000086900000|  0%| F|  |TAMS 0x0000000086800000, 0x0000000086800000| Untracked 
|  37|0x0000000086900000, 0x0000000086900000, 0x0000000086a00000|  0%| F|  |TAMS 0x0000000086900000, 0x0000000086900000| Untracked 
|  38|0x0000000086a00000, 0x0000000086a00000, 0x0000000086b00000|  0%| F|  |TAMS 0x0000000086a00000, 0x0000000086a00000| Untracked 
|  39|0x0000000086b00000, 0x0000000086b00000, 0x0000000086c00000|  0%| F|  |TAMS 0x0000000086b00000, 0x0000000086b00000| Untracked 
|  40|0x0000000086c00000, 0x0000000086c00000, 0x0000000086d00000|  0%| F|  |TAMS 0x0000000086c00000, 0x0000000086c00000| Untracked 
|  41|0x0000000086d00000, 0x0000000086d00000, 0x0000000086e00000|  0%| F|  |TAMS 0x0000000086d00000, 0x0000000086d00000| Untracked 
|  42|0x0000000086e00000, 0x0000000086e00000, 0x0000000086f00000|  0%| F|  |TAMS 0x0000000086e00000, 0x0000000086e00000| Untracked 
|  43|0x0000000086f00000, 0x0000000086f00000, 0x0000000087000000|  0%| F|  |TAMS 0x0000000086f00000, 0x0000000086f00000| Untracked 
|  44|0x0000000087000000, 0x0000000087000000, 0x0000000087100000|  0%| F|  |TAMS 0x0000000087000000, 0x0000000087000000| Untracked 
|  45|0x0000000087100000, 0x0000000087100000, 0x0000000087200000|  0%| F|  |TAMS 0x0000000087100000, 0x0000000087100000| Untracked 
|  46|0x0000000087200000, 0x0000000087200000, 0x0000000087300000|  0%| F|  |TAMS 0x0000000087200000, 0x0000000087200000| Untracked 
|  47|0x0000000087300000, 0x0000000087300000, 0x0000000087400000|  0%| F|  |TAMS 0x0000000087300000, 0x0000000087300000| Untracked 
|  48|0x0000000087400000, 0x0000000087400000, 0x0000000087500000|  0%| F|  |TAMS 0x0000000087400000, 0x0000000087400000| Untracked 
|  49|0x0000000087500000, 0x0000000087500000, 0x0000000087600000|  0%| F|  |TAMS 0x0000000087500000, 0x0000000087500000| Untracked 
|  50|0x0000000087600000, 0x0000000087600000, 0x0000000087700000|  0%| F|  |TAMS 0x0000000087600000, 0x0000000087600000| Untracked 
|  51|0x0000000087700000, 0x0000000087700000, 0x0000000087800000|  0%| F|  |TAMS 0x0000000087700000, 0x0000000087700000| Untracked 
|  52|0x0000000087800000, 0x0000000087800000, 0x0000000087900000|  0%| F|  |TAMS 0x0000000087800000, 0x0000000087800000| Untracked 
|  53|0x0000000087900000, 0x0000000087900000, 0x0000000087a00000|  0%| F|  |TAMS 0x0000000087900000, 0x0000000087900000| Untracked 
|  54|0x0000000087a00000, 0x0000000087a00000, 0x0000000087b00000|  0%| F|  |TAMS 0x0000000087a00000, 0x0000000087a00000| Untracked 
|  55|0x0000000087b00000, 0x0000000087b00000, 0x0000000087c00000|  0%| F|  |TAMS 0x0000000087b00000, 0x0000000087b00000| Untracked 
|  56|0x0000000087c00000, 0x0000000087c00000, 0x0000000087d00000|  0%| F|  |TAMS 0x0000000087c00000, 0x0000000087c00000| Untracked 
|  57|0x0000000087d00000, 0x0000000087d00000, 0x0000000087e00000|  0%| F|  |TAMS 0x0000000087d00000, 0x0000000087d00000| Untracked 
|  58|0x0000000087e00000, 0x0000000087e00000, 0x0000000087f00000|  0%| F|  |TAMS 0x0000000087e00000, 0x0000000087e00000| Untracked 
|  59|0x0000000087f00000, 0x0000000087f00000, 0x0000000088000000|  0%| F|  |TAMS 0x0000000087f00000, 0x0000000087f00000| Untracked 
|  60|0x0000000088000000, 0x0000000088000000, 0x0000000088100000|  0%| F|  |TAMS 0x0000000088000000, 0x0000000088000000| Untracked 
|  61|0x0000000088100000, 0x0000000088100000, 0x0000000088200000|  0%| F|  |TAMS 0x0000000088100000, 0x0000000088100000| Untracked 
|  62|0x0000000088200000, 0x0000000088200000, 0x0000000088300000|  0%| F|  |TAMS 0x0000000088200000, 0x0000000088200000| Untracked 
|  63|0x0000000088300000, 0x0000000088300000, 0x0000000088400000|  0%| F|  |TAMS 0x0000000088300000, 0x0000000088300000| Untracked 
|  64|0x0000000088400000, 0x0000000088400000, 0x0000000088500000|  0%| F|  |TAMS 0x0000000088400000, 0x0000000088400000| Untracked 
|  65|0x0000000088500000, 0x0000000088500000, 0x0000000088600000|  0%| F|  |TAMS 0x0000000088500000, 0x0000000088500000| Untracked 
|  66|0x0000000088600000, 0x0000000088600000, 0x0000000088700000|  0%| F|  |TAMS 0x0000000088600000, 0x0000000088600000| Untracked 
|  67|0x0000000088700000, 0x0000000088700000, 0x0000000088800000|  0%| F|  |TAMS 0x0000000088700000, 0x0000000088700000| Untracked 
|  68|0x0000000088800000, 0x0000000088800000, 0x0000000088900000|  0%| F|  |TAMS 0x0000000088800000, 0x0000000088800000| Untracked 
|  69|0x0000000088900000, 0x0000000088900000, 0x0000000088a00000|  0%| F|  |TAMS 0x0000000088900000, 0x0000000088900000| Untracked 
|  70|0x0000000088a00000, 0x0000000088a00000, 0x0000000088b00000|  0%| F|  |TAMS 0x0000000088a00000, 0x0000000088a00000| Untracked 
|  71|0x0000000088b00000, 0x0000000088b00000, 0x0000000088c00000|  0%| F|  |TAMS 0x0000000088b00000, 0x0000000088b00000| Untracked 
|  72|0x0000000088c00000, 0x0000000088c00000, 0x0000000088d00000|  0%| F|  |TAMS 0x0000000088c00000, 0x0000000088c00000| Untracked 
|  73|0x0000000088d00000, 0x0000000088d00000, 0x0000000088e00000|  0%| F|  |TAMS 0x0000000088d00000, 0x0000000088d00000| Untracked 
|  74|0x0000000088e00000, 0x0000000088e00000, 0x0000000088f00000|  0%| F|  |TAMS 0x0000000088e00000, 0x0000000088e00000| Untracked 
|  75|0x0000000088f00000, 0x0000000088f00000, 0x0000000089000000|  0%| F|  |TAMS 0x0000000088f00000, 0x0000000088f00000| Untracked 
|  76|0x0000000089000000, 0x0000000089000000, 0x0000000089100000|  0%| F|  |TAMS 0x0000000089000000, 0x0000000089000000| Untracked 
|  77|0x0000000089100000, 0x0000000089100000, 0x0000000089200000|  0%| F|  |TAMS 0x0000000089100000, 0x0000000089100000| Untracked 
|  78|0x0000000089200000, 0x0000000089200000, 0x0000000089300000|  0%| F|  |TAMS 0x0000000089200000, 0x0000000089200000| Untracked 
|  79|0x0000000089300000, 0x0000000089300000, 0x0000000089400000|  0%| F|  |TAMS 0x0000000089300000, 0x0000000089300000| Untracked 
|  80|0x0000000089400000, 0x0000000089400000, 0x0000000089500000|  0%| F|  |TAMS 0x0000000089400000, 0x0000000089400000| Untracked 
|  81|0x0000000089500000, 0x0000000089500000, 0x0000000089600000|  0%| F|  |TAMS 0x0000000089500000, 0x0000000089500000| Untracked 
|  82|0x0000000089600000, 0x0000000089600000, 0x0000000089700000|  0%| F|  |TAMS 0x0000000089600000, 0x0000000089600000| Untracked 
|  83|0x0000000089700000, 0x0000000089700000, 0x0000000089800000|  0%| F|  |TAMS 0x0000000089700000, 0x0000000089700000| Untracked 
|  84|0x0000000089800000, 0x0000000089800000, 0x0000000089900000|  0%| F|  |TAMS 0x0000000089800000, 0x0000000089800000| Untracked 
|  85|0x0000000089900000, 0x0000000089900000, 0x0000000089a00000|  0%| F|  |TAMS 0x0000000089900000, 0x0000000089900000| Untracked 
|  86|0x0000000089a00000, 0x0000000089a00000, 0x0000000089b00000|  0%| F|  |TAMS 0x0000000089a00000, 0x0000000089a00000| Untracked 
|  87|0x0000000089b00000, 0x0000000089b00000, 0x0000000089c00000|  0%| F|  |TAMS 0x0000000089b00000, 0x0000000089b00000| Untracked 
|  88|0x0000000089c00000, 0x0000000089c00000, 0x0000000089d00000|  0%| F|  |TAMS 0x0000000089c00000, 0x0000000089c00000| Untracked 
|  89|0x0000000089d00000, 0x0000000089d00000, 0x0000000089e00000|  0%| F|  |TAMS 0x0000000089d00000, 0x0000000089d00000| Untracked 
|  90|0x0000000089e00000, 0x0000000089e00000, 0x0000000089f00000|  0%| F|  |TAMS 0x0000000089e00000, 0x0000000089e00000| Untracked 
|  91|0x0000000089f00000, 0x0000000089f00000, 0x000000008a000000|  0%| F|  |TAMS 0x0000000089f00000, 0x0000000089f00000| Untracked 
|  92|0x000000008a000000, 0x000000008a000000, 0x000000008a100000|  0%| F|  |TAMS 0x000000008a000000, 0x000000008a000000| Untracked 
|  93|0x000000008a100000, 0x000000008a100000, 0x000000008a200000|  0%| F|  |TAMS 0x000000008a100000, 0x000000008a100000| Untracked 
|  94|0x000000008a200000, 0x000000008a200000, 0x000000008a300000|  0%| F|  |TAMS 0x000000008a200000, 0x000000008a200000| Untracked 
|  95|0x000000008a300000, 0x000000008a300000, 0x000000008a400000|  0%| F|  |TAMS 0x000000008a300000, 0x000000008a300000| Untracked 
|  96|0x000000008a400000, 0x000000008a400000, 0x000000008a500000|  0%| F|  |TAMS 0x000000008a400000, 0x000000008a400000| Untracked 
|  97|0x000000008a500000, 0x000000008a500000, 0x000000008a600000|  0%| F|  |TAMS 0x000000008a500000, 0x000000008a500000| Untracked 
|  98|0x000000008a600000, 0x000000008a700000, 0x000000008a700000|100%| S|CS|TAMS 0x000000008a600000, 0x000000008a600000| Complete 
|  99|0x000000008a700000, 0x000000008a800000, 0x000000008a800000|100%| S|CS|TAMS 0x000000008a700000, 0x000000008a700000| Complete 
| 100|0x000000008a800000, 0x000000008a900000, 0x000000008a900000|100%| S|CS|TAMS 0x000000008a800000, 0x000000008a800000| Complete 
| 101|0x000000008a900000, 0x000000008a900000, 0x000000008aa00000|  0%| F|  |TAMS 0x000000008a900000, 0x000000008a900000| Untracked 
| 102|0x000000008aa00000, 0x000000008aa00000, 0x000000008ab00000|  0%| F|  |TAMS 0x000000008aa00000, 0x000000008aa00000| Untracked 
| 103|0x000000008ab00000, 0x000000008ab00000, 0x000000008ac00000|  0%| F|  |TAMS 0x000000008ab00000, 0x000000008ab00000| Untracked 
| 104|0x000000008ac00000, 0x000000008ac00000, 0x000000008ad00000|  0%| F|  |TAMS 0x000000008ac00000, 0x000000008ac00000| Untracked 
| 105|0x000000008ad00000, 0x000000008ad00000, 0x000000008ae00000|  0%| F|  |TAMS 0x000000008ad00000, 0x000000008ad00000| Untracked 
| 106|0x000000008ae00000, 0x000000008ae00000, 0x000000008af00000|  0%| F|  |TAMS 0x000000008ae00000, 0x000000008ae00000| Untracked 
| 107|0x000000008af00000, 0x000000008af00000, 0x000000008b000000|  0%| F|  |TAMS 0x000000008af00000, 0x000000008af00000| Untracked 
| 108|0x000000008b000000, 0x000000008b000000, 0x000000008b100000|  0%| F|  |TAMS 0x000000008b000000, 0x000000008b000000| Untracked 
| 109|0x000000008b100000, 0x000000008b1d16e0, 0x000000008b200000| 81%| E|  |TAMS 0x000000008b100000, 0x000000008b100000| Complete 
| 110|0x000000008b200000, 0x000000008b300000, 0x000000008b300000|100%| E|CS|TAMS 0x000000008b200000, 0x000000008b200000| Complete 
| 111|0x000000008b300000, 0x000000008b400000, 0x000000008b400000|100%| E|CS|TAMS 0x000000008b300000, 0x000000008b300000| Complete 
| 112|0x000000008b400000, 0x000000008b500000, 0x000000008b500000|100%| E|CS|TAMS 0x000000008b400000, 0x000000008b400000| Complete 
| 113|0x000000008b500000, 0x000000008b600000, 0x000000008b600000|100%| E|CS|TAMS 0x000000008b500000, 0x000000008b500000| Complete 
| 114|0x000000008b600000, 0x000000008b700000, 0x000000008b700000|100%| E|CS|TAMS 0x000000008b600000, 0x000000008b600000| Complete 
| 115|0x000000008b700000, 0x000000008b800000, 0x000000008b800000|100%| E|CS|TAMS 0x000000008b700000, 0x000000008b700000| Complete 
| 116|0x000000008b800000, 0x000000008b900000, 0x000000008b900000|100%| E|CS|TAMS 0x000000008b800000, 0x000000008b800000| Complete 
| 117|0x000000008b900000, 0x000000008ba00000, 0x000000008ba00000|100%| E|CS|TAMS 0x000000008b900000, 0x000000008b900000| Complete 
| 118|0x000000008ba00000, 0x000000008bb00000, 0x000000008bb00000|100%| E|CS|TAMS 0x000000008ba00000, 0x000000008ba00000| Complete 
| 119|0x000000008bb00000, 0x000000008bc00000, 0x000000008bc00000|100%| E|CS|TAMS 0x000000008bb00000, 0x000000008bb00000| Complete 
| 120|0x000000008bc00000, 0x000000008bd00000, 0x000000008bd00000|100%| E|CS|TAMS 0x000000008bc00000, 0x000000008bc00000| Complete 
| 121|0x000000008bd00000, 0x000000008be00000, 0x000000008be00000|100%| E|CS|TAMS 0x000000008bd00000, 0x000000008bd00000| Complete 
| 122|0x000000008be00000, 0x000000008bf00000, 0x000000008bf00000|100%| E|CS|TAMS 0x000000008be00000, 0x000000008be00000| Complete 
| 123|0x000000008bf00000, 0x000000008c000000, 0x000000008c000000|100%| E|CS|TAMS 0x000000008bf00000, 0x000000008bf00000| Complete 

Card table byte_map: [0x00000201cb2d0000,0x00000201cb6b0000] _byte_map_base: 0x00000201caeae000

Marking Bits (Prev, Next): (CMBitMap*) 0x00000201b4380c70, (CMBitMap*) 0x00000201b4380cb0
 Prev Bits: [0x00000201cba90000, 0x00000201cd980000)
 Next Bits: [0x00000201cd980000, 0x00000201cf870000)

Polling page: 0x00000201b22d0000

Metaspace:

Usage:
  Non-class:     11.39 MB used.
      Class:      1.60 MB used.
       Both:     12.99 MB used.

Virtual space:
  Non-class space:       64.00 MB reserved,      11.50 MB ( 18%) committed,  1 nodes.
      Class space:        1.00 GB reserved,       1.75 MB ( <1%) committed,  1 nodes.
             Both:        1.06 GB reserved,      13.25 MB (  1%) committed. 

Chunk freelists:
   Non-Class:  4.31 MB
       Class:  14.19 MB
        Both:  18.50 MB

MaxMetaspaceSize: unlimited
CompressedClassSpaceSize: 1.00 GB
Initial GC threshold: 21.00 MB
Current GC threshold: 21.00 MB
CDS: on
MetaspaceReclaimPolicy: balanced
 - commit_granule_bytes: 65536.
 - commit_granule_words: 8192.
 - virtual_space_node_default_size: 8388608.
 - enlarge_chunks_in_place: 1.
 - new_chunks_are_fully_committed: 0.
 - uncommit_free_chunks: 1.
 - use_allocation_guard: 0.
 - handle_deallocations: 1.


Internal statistics:

num_allocs_failed_limit: 0.
num_arena_births: 214.
num_arena_deaths: 0.
num_vsnodes_births: 2.
num_vsnodes_deaths: 0.
num_space_committed: 212.
num_space_uncommitted: 0.
num_chunks_returned_to_freelist: 0.
num_chunks_taken_from_freelist: 533.
num_chunk_merges: 0.
num_chunk_splits: 327.
num_chunks_enlarged: 217.
num_inconsistent_stats: 0.

CodeHeap 'non-profiled nmethods': size=120000Kb used=623Kb max_used=623Kb free=119377Kb
 bounds [0x00000201c3690000, 0x00000201c3900000, 0x00000201cabc0000]
CodeHeap 'profiled nmethods': size=120000Kb used=3479Kb max_used=3479Kb free=116520Kb
 bounds [0x00000201bbbc0000, 0x00000201bbf30000, 0x00000201c30f0000]
CodeHeap 'non-nmethods': size=5760Kb used=1223Kb max_used=1265Kb free=4537Kb
 bounds [0x00000201c30f0000, 0x00000201c3360000, 0x00000201c3690000]
 total_blobs=2354 nmethods=1826 adapters=440
 compilation: enabled
              stopped_count=0, restarted_count=0
 full_count=0

Compilation events (20 events):
Event: 7100.127 Thread 0x00000201d22b26c0 nmethod 1817 0x00000201c3728d90 code [0x00000201c3728f00, 0x00000201c3728fb8]
Event: 7109.167 Thread 0x00000201d22b26c0 1818   !   4       sun.nio.ch.SelectorImpl::processDeregisterQueue (145 bytes)
Event: 7109.206 Thread 0x00000201d22b26c0 nmethod 1818 0x00000201c3729090 code [0x00000201c37292a0, 0x00000201c3729af0]
Event: 7112.167 Thread 0x00000201d22b26c0 1819   !   4       java.lang.Thread::blockedOn (27 bytes)
Event: 7112.170 Thread 0x00000201d22b26c0 nmethod 1819 0x00000201c372a110 code [0x00000201c372a280, 0x00000201c372a518]
Event: 7132.795 Thread 0x00000201d22b26c0 1820       4       jdk.internal.net.http.HttpClientImpl::isReferenced (24 bytes)
Event: 7132.805 Thread 0x00000201d22b26c0 nmethod 1820 0x00000201c372a610 code [0x00000201c372a7a0, 0x00000201c372a898]
Event: 7132.805 Thread 0x00000201d22b26c0 1821   !   4       jdk.internal.net.http.HttpClientImpl::purgeTimeoutsAndReturnNextDeadline (326 bytes)
Event: 7132.814 Thread 0x00000201d22b26c0 nmethod 1821 0x00000201c372a990 code [0x00000201c372ab20, 0x00000201c372ad38]
Event: 12681.384 Thread 0x00000201d22a8a10 1822       3       jdk.internal.misc.InnocuousThread::eraseThreadLocals (23 bytes)
Event: 12681.390 Thread 0x00000201d22a8a10 nmethod 1822 0x00000201bbf25b10 code [0x00000201bbf25ca0, 0x00000201bbf25e98]
Event: 13705.280 Thread 0x00000201d22b26c0 1823       4       java.util.HashMap::clear (50 bytes)
Event: 13705.287 Thread 0x00000201d22b26c0 nmethod 1823 0x00000201c372af10 code [0x00000201c372b080, 0x00000201c372b138]
Event: 13714.303 Thread 0x00000201d22b26c0 1824       4       sun.nio.ch.SelectorImpl::selectedKeys (9 bytes)
Event: 13714.307 Thread 0x00000201d22b26c0 nmethod 1824 0x00000201c372b210 code [0x00000201c372b380, 0x00000201c372b418]
Event: 13732.229 Thread 0x00000201d22b26c0 1825       4       sun.nio.ch.WEPollSelectorImpl::processEvents (152 bytes)
Event: 13732.237 Thread 0x00000201d22b26c0 nmethod 1825 0x00000201c372b510 code [0x00000201c372b680, 0x00000201c372b718]
Event: 13732.237 Thread 0x00000201d22b26c0 1826       4       sun.nio.ch.Util$2::clear (10 bytes)
Event: 13732.239 Thread 0x00000201d22b26c0 nmethod 1826 0x00000201c372b810 code [0x00000201c372b9a0, 0x00000201c372bab8]
Event: 13735.235 Thread 0x00000201d22b26c0 1827   !   4       sun.nio.ch.WEPollSelectorImpl::doSelect (107 bytes)

GC Heap History (2 events):
Event: 1.229 GC heap before
{Heap before GC invocations=0 (full 0):
 garbage-first heap   total 126976K, used 23552K [0x0000000084400000, 0x0000000100000000)
  region size 1024K, 23 young (23552K), 0 survivors (0K)
 Metaspace       used 9192K, committed 9408K, reserved 1114112K
  class space    used 1088K, committed 1216K, reserved 1048576K
}
Event: 1.235 GC heap after
{Heap after GC invocations=1 (full 0):
 garbage-first heap   total 126976K, used 5698K [0x0000000084400000, 0x0000000100000000)
  region size 1024K, 3 young (3072K), 3 survivors (3072K)
 Metaspace       used 9192K, committed 9408K, reserved 1114112K
  class space    used 1088K, committed 1216K, reserved 1048576K
}

Deoptimization events (20 events):
Event: 1.299 Thread 0x00000201b4326410 DEOPT PACKING pc=0x00000201c3706934 sp=0x000000de554fd8d0
Event: 1.299 Thread 0x00000201b4326410 DEOPT UNPACKING pc=0x00000201c31423a3 sp=0x000000de554fd858 mode 2
Event: 1.299 Thread 0x00000201b4326410 Uncommon trap: trap_request=0xffffffde fr.pc=0x00000201c3706934 relative=0x0000000000000114
Event: 1.299 Thread 0x00000201b4326410 Uncommon trap: reason=class_check action=maybe_recompile pc=0x00000201c3706934 method=jdk.internal.misc.Unsafe.allocateUninitializedArray(Ljava/lang/Class;I)Ljava/lang/Object; @ 51 c2
Event: 1.299 Thread 0x00000201b4326410 DEOPT PACKING pc=0x00000201c3706934 sp=0x000000de554fd890
Event: 1.299 Thread 0x00000201b4326410 DEOPT UNPACKING pc=0x00000201c31423a3 sp=0x000000de554fd818 mode 2
Event: 1.299 Thread 0x00000201b4326410 Uncommon trap: trap_request=0xffffffde fr.pc=0x00000201c3706934 relative=0x0000000000000114
Event: 1.299 Thread 0x00000201b4326410 Uncommon trap: reason=class_check action=maybe_recompile pc=0x00000201c3706934 method=jdk.internal.misc.Unsafe.allocateUninitializedArray(Ljava/lang/Class;I)Ljava/lang/Object; @ 51 c2
Event: 1.299 Thread 0x00000201b4326410 DEOPT PACKING pc=0x00000201c3706934 sp=0x000000de554fce40
Event: 1.299 Thread 0x00000201b4326410 DEOPT UNPACKING pc=0x00000201c31423a3 sp=0x000000de554fcdc8 mode 2
Event: 1.299 Thread 0x00000201b4326410 Uncommon trap: trap_request=0xffffffde fr.pc=0x00000201c3706934 relative=0x0000000000000114
Event: 1.299 Thread 0x00000201b4326410 Uncommon trap: reason=class_check action=maybe_recompile pc=0x00000201c3706934 method=jdk.internal.misc.Unsafe.allocateUninitializedArray(Ljava/lang/Class;I)Ljava/lang/Object; @ 51 c2
Event: 1.299 Thread 0x00000201b4326410 DEOPT PACKING pc=0x00000201c3706934 sp=0x000000de554fcbb0
Event: 1.299 Thread 0x00000201b4326410 DEOPT UNPACKING pc=0x00000201c31423a3 sp=0x000000de554fcb38 mode 2
Event: 2.247 Thread 0x00000201b4326410 Uncommon trap: trap_request=0xffffffde fr.pc=0x00000201c3705ed0 relative=0x00000000000008b0
Event: 2.247 Thread 0x00000201b4326410 Uncommon trap: reason=class_check action=maybe_recompile pc=0x00000201c3705ed0 method=java.util.HashMap.putVal(ILjava/lang/Object;Ljava/lang/Object;ZZ)Ljava/lang/Object; @ 253 c2
Event: 2.247 Thread 0x00000201b4326410 DEOPT PACKING pc=0x00000201c3705ed0 sp=0x000000de554fe510
Event: 2.247 Thread 0x00000201b4326410 DEOPT UNPACKING pc=0x00000201c31423a3 sp=0x000000de554fe448 mode 2
Event: 2.261 Thread 0x00000201b4326410 DEOPT PACKING pc=0x00000201bbdf9949 sp=0x000000de554fdce0
Event: 2.261 Thread 0x00000201b4326410 DEOPT UNPACKING pc=0x00000201c3142b43 sp=0x000000de554fd1f0 mode 0

Classes unloaded (0 events):
No events

Classes redefined (0 events):
No events

Internal exceptions (20 events):
Event: 0.995 Thread 0x00000201b4326410 Exception <a 'java/lang/NoSuchMethodError'{0x000000008ae22528}: 'java.lang.Object java.lang.invoke.DirectMethodHandle$Holder.invokeStaticInit(java.lang.Object, int, int, int, int)'> (0x000000008ae22528) 
thrown [s\open\src\hotspot\share\interpreter\linkResolver.cpp, line 759]
Event: 1.029 Thread 0x00000201b4326410 Exception <a 'java/lang/NoSuchMethodError'{0x000000008aeab1a0}: 'java.lang.Object java.lang.invoke.DirectMethodHandle$Holder.invokeStaticInit(java.lang.Object, java.lang.Object, int, int, int, int)'> (0x000000008aeab1a0) 
thrown [s\open\src\hotspot\share\interpreter\linkResolver.cpp, line 759]
Event: 1.106 Thread 0x00000201b4326410 Exception <a 'java/lang/NoSuchMethodError'{0x000000008ab2d0e0}: 'java.lang.Object java.lang.invoke.DirectMethodHandle$Holder.invokeInterface(java.lang.Object, java.lang.Object, java.lang.Object)'> (0x000000008ab2d0e0) 
thrown [s\open\src\hotspot\share\interpreter\linkResolver.cpp, line 759]
Event: 1.106 Thread 0x00000201b4326410 Exception <a 'java/lang/IncompatibleClassChangeError'{0x000000008ab307a8}: Found class java.lang.Object, but interface was expected> (0x000000008ab307a8) 
thrown [s\open\src\hotspot\share\interpreter\linkResolver.cpp, line 826]
Event: 1.107 Thread 0x00000201b4326410 Exception <a 'java/lang/NoSuchMethodError'{0x000000008ab389a8}: 'int java.lang.invoke.DirectMethodHandle$Holder.invokeSpecialIFC(java.lang.Object, java.lang.Object, java.lang.Object, java.lang.Object)'> (0x000000008ab389a8) 
thrown [s\open\src\hotspot\share\interpreter\linkResolver.cpp, line 759]
Event: 1.119 Thread 0x00000201b4326410 Exception <a 'java/lang/NoSuchMethodError'{0x000000008abaee88}: 'java.lang.Object java.lang.invoke.DirectMethodHandle$Holder.invokeVirtual(java.lang.Object, java.lang.Object, java.lang.Object, java.lang.Object)'> (0x000000008abaee88) 
thrown [s\open\src\hotspot\share\interpreter\linkResolver.cpp, line 759]
Event: 1.149 Thread 0x00000201d2eedb30 Exception <a 'java/net/ConnectException'{0x000000008aa7e960}: Connection refused: no further information> (0x000000008aa7e960) 
thrown [s\open\src\hotspot\share\prims\jni.cpp, line 535]
Event: 1.149 Thread 0x00000201d2eedb30 Exception <a 'java/net/SocketException'{0x000000008aa7ec98}: Socket is not connected: shutdown> (0x000000008aa7ec98) 
thrown [s\open\src\hotspot\share\prims\jni.cpp, line 535]
Event: 1.173 Thread 0x00000201d2eedb30 Exception <a 'java/net/ConnectException'{0x000000008aa7fc90}: Connection refused: no further information> (0x000000008aa7fc90) 
thrown [s\open\src\hotspot\share\prims\jni.cpp, line 535]
Event: 1.173 Thread 0x00000201d2eedb30 Exception <a 'java/net/SocketException'{0x000000008aa7ffc8}: Socket is not connected: shutdown> (0x000000008aa7ffc8) 
thrown [s\open\src\hotspot\share\prims\jni.cpp, line 535]
Event: 1.228 Thread 0x00000201b4326410 Exception <a 'java/lang/NoSuchMethodError'{0x000000008a9f5e28}: 'java.lang.Object java.lang.invoke.DirectMethodHandle$Holder.newInvokeSpecial(java.lang.Object, java.lang.Object, int, int)'> (0x000000008a9f5e28) 
thrown [s\open\src\hotspot\share\interpreter\linkResolver.cpp, line 759]
Event: 1.237 Thread 0x00000201b4326410 Exception <a 'java/lang/NoSuchMethodError'{0x000000008bf45fa0}: 'void java.lang.invoke.DirectMethodHandle$Holder.invokeStatic(java.lang.Object, java.lang.Object, int)'> (0x000000008bf45fa0) 
thrown [s\open\src\hotspot\share\interpreter\linkResolver.cpp, line 759]
Event: 1.254 Thread 0x00000201b4326410 Exception <a 'java/lang/NoSuchMethodError'{0x000000008be46f48}: 'java.lang.Object java.lang.invoke.DirectMethodHandle$Holder.newInvokeSpecial(java.lang.Object, java.lang.Object, java.lang.Object, java.lang.Object, java.lang.Object)'> (0x000000008be46f48) 
thrown [s\open\src\hotspot\share\interpreter\linkResolver.cpp, line 759]
Event: 1.292 Thread 0x00000201b4326410 Exception <a 'java/lang/NoSuchMethodError'{0x000000008bca3a38}: 'void java.lang.invoke.DirectMethodHandle$Holder.invokeSpecial(java.lang.Object, java.lang.Object, java.lang.Object)'> (0x000000008bca3a38) 
thrown [s\open\src\hotspot\share\interpreter\linkResolver.cpp, line 759]
Event: 1.314 Thread 0x00000201d2eee040 Exception <a 'java/lang/NoSuchMethodError'{0x000000008ba09e30}: 'java.lang.Object java.lang.invoke.DirectMethodHandle$Holder.invokeSpecial(java.lang.Object, java.lang.Object, java.lang.Object, java.lang.Object, int)'> (0x000000008ba09e30) 
thrown [s\open\src\hotspot\share\interpreter\linkResolver.cpp, line 759]
Event: 1.314 Thread 0x00000201d2eee040 Exception <a 'java/lang/NoSuchMethodError'{0x000000008ba0d9f8}: 'java.lang.Object java.lang.invoke.Invokers$Holder.linkToTargetMethod(java.lang.Object, java.lang.Object, int, java.lang.Object)'> (0x000000008ba0d9f8) 
thrown [s\open\src\hotspot\share\interpreter\linkResolver.cpp, line 759]
Event: 1.330 Thread 0x00000201d2eee040 Exception <a 'java/lang/NoSuchMethodError'{0x000000008ba634e8}: 'void java.lang.invoke.DirectMethodHandle$Holder.invokeSpecial(java.lang.Object, java.lang.Object, java.lang.Object, java.lang.Object, java.lang.Object)'> (0x000000008ba634e8) 
thrown [s\open\src\hotspot\share\interpreter\linkResolver.cpp, line 759]
Event: 2.213 Thread 0x00000201d2eee040 Exception <a 'java/lang/NoSuchMethodError'{0x000000008b95a780}: 'void java.lang.invoke.DirectMethodHandle$Holder.invokeSpecial(java.lang.Object, java.lang.Object, java.lang.Object, java.lang.Object, java.lang.Object, java.lang.Object, java.lang.Object)'> (0x000000008b95a780) 
thrown [s\open\src\hotspot\share\interpreter\linkResolver.cpp, line 759]
Event: 2.244 Thread 0x00000201b4326410 Exception <a 'java/lang/NoSuchMethodError'{0x000000008b8cf790}: 'java.lang.Object java.lang.invoke.DirectMethodHandle$Holder.invokeSpecialIFC(java.lang.Object, java.lang.Object, java.lang.Object)'> (0x000000008b8cf790) 
thrown [s\open\src\hotspot\share\interpreter\linkResolver.cpp, line 759]
Event: 2.334 Thread 0x00000201b4326410 Exception <a 'java/lang/ClassNotFoundException'{0x000000008b335d98}: sun/util/logging/resources/spi/loggingProvider> (0x000000008b335d98) 
thrown [s\open\src\hotspot\share\classfile\systemDictionary.cpp, line 256]

VM Operations (20 events):
Event: 2.249 Executing VM operation: Cleanup
Event: 2.249 Executing VM operation: Cleanup done
Event: 2.328 Executing VM operation: HandshakeAllThreads
Event: 2.328 Executing VM operation: HandshakeAllThreads done
Event: 3.337 Executing VM operation: Cleanup
Event: 3.337 Executing VM operation: Cleanup done
Event: 20.518 Executing VM operation: Cleanup
Event: 20.518 Executing VM operation: Cleanup done
Event: 27.564 Executing VM operation: Cleanup
Event: 27.564 Executing VM operation: Cleanup done
Event: 772.477 Executing VM operation: Cleanup
Event: 772.477 Executing VM operation: Cleanup done
Event: 1219.942 Executing VM operation: Cleanup
Event: 1219.942 Executing VM operation: Cleanup done
Event: 2387.097 Executing VM operation: Cleanup
Event: 2387.097 Executing VM operation: Cleanup done
Event: 7102.762 Executing VM operation: Cleanup
Event: 7102.765 Executing VM operation: Cleanup done
Event: 13708.676 Executing VM operation: Cleanup
Event: 13708.693 Executing VM operation: Cleanup done

Events (20 events):
Event: 19.732 loading class java/io/UnsupportedEncodingException
Event: 19.732 loading class java/io/UnsupportedEncodingException done
Event: 19.732 loading class java/net/URLEncoder
Event: 19.733 loading class java/net/URLEncoder done
Event: 19.733 loading class java/util/BitSet
Event: 19.733 loading class java/util/BitSet done
Event: 19.733 loading class java/io/CharArrayWriter
Event: 19.734 loading class java/io/CharArrayWriter done
Event: 19.791 Thread 0x00000201b4326410 Thread exited: 0x00000201b4326410
Event: 19.791 Thread 0x00000201d2eefea0 Thread added: 0x00000201d2eefea0
Event: 26.901 loading class java/nio/StringCharBuffer
Event: 26.901 loading class java/nio/StringCharBuffer done
Event: 61.219 Thread 0x00000201d2eedb30 Thread exited: 0x00000201d2eedb30
Event: 62.296 Thread 0x00000201d2eef990 Thread exited: 0x00000201d2eef990
Event: 62.296 Thread 0x00000201d2eec6f0 Thread exited: 0x00000201d2eec6f0
Event: 79.739 Thread 0x00000201d2eee040 Thread exited: 0x00000201d2eee040
Event: 79.804 Thread 0x00000201d2b1f030 Thread exited: 0x00000201d2b1f030
Event: 79.804 Thread 0x00000201d2eed110 Thread exited: 0x00000201d2eed110
Event: 79.804 Thread 0x00000201d2eeef70 Thread exited: 0x00000201d2eeef70
Event: 86.912 Thread 0x00000201d2eed620 Thread exited: 0x00000201d2eed620


Dynamic libraries:
0x00007ff6bde20000 - 0x00007ff6bde30000 	C:\Program Files\Java\jdk-17\bin\javaw.exe
0x00007ffeb9b50000 - 0x00007ffeb9d67000 	C:\Windows\SYSTEM32\ntdll.dll
0x00007ffeb8e90000 - 0x00007ffeb8f54000 	C:\Windows\System32\KERNEL32.DLL
0x00007ffeb73d0000 - 0x00007ffeb7776000 	C:\Windows\System32\KERNELBASE.dll
0x00007ffeb7120000 - 0x00007ffeb7231000 	C:\Windows\System32\ucrtbase.dll
0x00007ffeabb80000 - 0x00007ffeabb9b000 	C:\Program Files\Java\jdk-17\bin\VCRUNTIME140.dll
0x00007ffea9f50000 - 0x00007ffea9f69000 	C:\Program Files\Java\jdk-17\bin\jli.dll
0x00007ffeb78a0000 - 0x00007ffeb7953000 	C:\Windows\System32\ADVAPI32.dll
0x00007ffeb8a20000 - 0x00007ffeb8ac7000 	C:\Windows\System32\msvcrt.dll
0x00007ffeb9860000 - 0x00007ffeb9908000 	C:\Windows\System32\sechost.dll
0x00007ffeb7870000 - 0x00007ffeb7898000 	C:\Windows\System32\bcrypt.dll
0x00007ffeb9040000 - 0x00007ffeb9157000 	C:\Windows\System32\RPCRT4.dll
0x00007ffeb8c40000 - 0x00007ffeb8dee000 	C:\Windows\System32\USER32.dll
0x00007ffeb7240000 - 0x00007ffeb7266000 	C:\Windows\System32\win32u.dll
0x00007ffe9ecf0000 - 0x00007ffe9ef83000 	C:\Windows\WinSxS\amd64_microsoft.windows.common-controls_6595b64144ccf1df_6.0.22621.2506_none_270c5ae97388e100\COMCTL32.dll
0x00007ffeb94a0000 - 0x00007ffeb94c9000 	C:\Windows\System32\GDI32.dll
0x00007ffeb7000000 - 0x00007ffeb7118000 	C:\Windows\System32\gdi32full.dll
0x00007ffeb7270000 - 0x00007ffeb730a000 	C:\Windows\System32\msvcp_win.dll
0x00007ffea9de0000 - 0x00007ffea9dea000 	C:\Windows\SYSTEM32\VERSION.dll
0x00007ffeb8df0000 - 0x00007ffeb8e21000 	C:\Windows\System32\IMM32.DLL
0x00007ffea9f40000 - 0x00007ffea9f4c000 	C:\Program Files\Java\jdk-17\bin\vcruntime140_1.dll
0x00007ffe9ada0000 - 0x00007ffe9ae2e000 	C:\Program Files\Java\jdk-17\bin\msvcp140.dll
0x00007ffe11800000 - 0x00007ffe123e1000 	C:\Program Files\Java\jdk-17\bin\server\jvm.dll
0x00007ffeb8c30000 - 0x00007ffeb8c38000 	C:\Windows\System32\PSAPI.DLL
0x00007ffea9f00000 - 0x00007ffea9f09000 	C:\Windows\SYSTEM32\WSOCK32.dll
0x00007ffeaec70000 - 0x00007ffeaeca4000 	C:\Windows\SYSTEM32\WINMM.dll
0x00007ffeb9a10000 - 0x00007ffeb9a81000 	C:\Windows\System32\WS2_32.dll
0x00007ffeb5e80000 - 0x00007ffeb5e98000 	C:\Windows\SYSTEM32\kernel.appcore.dll
0x00007ffea9ef0000 - 0x00007ffea9efa000 	C:\Program Files\Java\jdk-17\bin\jimage.dll
0x00007ffeb4230000 - 0x00007ffeb4463000 	C:\Windows\SYSTEM32\DBGHELP.DLL
0x00007ffeb94d0000 - 0x00007ffeb9859000 	C:\Windows\System32\combase.dll
0x00007ffeb8f60000 - 0x00007ffeb9037000 	C:\Windows\System32\OLEAUT32.dll
0x00007ffeab170000 - 0x00007ffeab1a2000 	C:\Windows\SYSTEM32\dbgcore.DLL
0x00007ffeb7780000 - 0x00007ffeb77fa000 	C:\Windows\System32\bcryptPrimitives.dll
0x00007ffe9ab50000 - 0x00007ffe9ab75000 	C:\Program Files\Java\jdk-17\bin\java.dll
0x00007ffe9aa70000 - 0x00007ffe9ab47000 	C:\Program Files\Java\jdk-17\bin\jsvml.dll
0x00007ffeb8150000 - 0x00007ffeb89aa000 	C:\Windows\System32\SHELL32.dll
0x00007ffeb4d90000 - 0x00007ffeb5686000 	C:\Windows\SYSTEM32\windows.storage.dll
0x00007ffeb4c50000 - 0x00007ffeb4d8e000 	C:\Windows\SYSTEM32\wintypes.dll
0x00007ffeb9330000 - 0x00007ffeb9423000 	C:\Windows\System32\SHCORE.dll
0x00007ffeb9a90000 - 0x00007ffeb9aee000 	C:\Windows\System32\shlwapi.dll
0x00007ffeb6dc0000 - 0x00007ffeb6de6000 	C:\Windows\SYSTEM32\profapi.dll
0x00007ffe99e50000 - 0x00007ffe99e69000 	C:\Program Files\Java\jdk-17\bin\net.dll
0x00007ffeb09f0000 - 0x00007ffeb0b27000 	C:\Windows\SYSTEM32\WINHTTP.dll
0x00007ffeb62f0000 - 0x00007ffeb6359000 	C:\Windows\system32\mswsock.dll
0x00007ffe99e30000 - 0x00007ffe99e46000 	C:\Program Files\Java\jdk-17\bin\nio.dll
0x00007ffe99e10000 - 0x00007ffe99e28000 	C:\Program Files\Java\jdk-17\bin\zip.dll
0x00007ffeb59b0000 - 0x00007ffeb5aa9000 	C:\Windows\SYSTEM32\DNSAPI.dll
0x00007ffeb5930000 - 0x00007ffeb595d000 	C:\Windows\SYSTEM32\IPHLPAPI.DLL
0x00007ffeb8c20000 - 0x00007ffeb8c29000 	C:\Windows\System32\NSI.dll
0x00007ffeb0b30000 - 0x00007ffeb0b3a000 	C:\Windows\System32\rasadhlp.dll
0x00007ffeaf3b0000 - 0x00007ffeaf433000 	C:\Windows\System32\fwpuclnt.dll
0x00007ffeb65e0000 - 0x00007ffeb65fb000 	C:\Windows\SYSTEM32\CRYPTSP.dll
0x00007ffeb5de0000 - 0x00007ffeb5e15000 	C:\Windows\system32\rsaenh.dll
0x00007ffeb6390000 - 0x00007ffeb63bc000 	C:\Windows\SYSTEM32\USERENV.dll
0x00007ffeb64f0000 - 0x00007ffeb64fc000 	C:\Windows\SYSTEM32\CRYPTBASE.dll
0x00007ffeb0920000 - 0x00007ffeb0939000 	C:\Windows\SYSTEM32\dhcpcsvc6.DLL
0x00007ffeb0900000 - 0x00007ffeb091f000 	C:\Windows\SYSTEM32\dhcpcsvc.DLL
0x00007ffea5610000 - 0x00007ffea561e000 	C:\Program Files\Java\jdk-17\bin\sunmscapi.dll
0x00007ffeb6e90000 - 0x00007ffeb6ff6000 	C:\Windows\System32\CRYPT32.dll
0x00007ffeb6750000 - 0x00007ffeb677e000 	C:\Windows\SYSTEM32\ncrypt.dll
0x00007ffeb6710000 - 0x00007ffeb6747000 	C:\Windows\SYSTEM32\NTASN1.dll
0x00007ffe83cc0000 - 0x00007ffe83cc8000 	C:\Windows\system32\wshunix.dll

dbghelp: loaded successfully - version: 4.0.5 - missing functions: none
symbol engine: initialized successfully - sym options: 0x614 - pdb path: .;C:\Program Files\Java\jdk-17\bin;C:\Windows\SYSTEM32;C:\Windows\WinSxS\amd64_microsoft.windows.common-controls_6595b64144ccf1df_6.0.22621.2506_none_270c5ae97388e100;C:\Program Files\Java\jdk-17\bin\server

VM Arguments:
jvm_args: -Dfile.encoding=UTF-8 -Dstdout.encoding=UTF-8 -Dstderr.encoding=UTF-8 -XX:+ShowCodeDetailsInExceptionMessages 
java_command: seleniumbasics.FindingWebElement
java_class_path (initial): C:\Users\sound\eclipse-workspace\seleniumDemo\bin;C:\Users\sound\OneDrive\Documents\Selenium\selenium-api-4.15.0.jar;C:\Users\sound\OneDrive\Documents\Selenium\selenium-api-4.15.0-sources.jar;C:\Users\sound\OneDrive\Documents\Selenium\selenium-chrome-driver-4.15.0.jar;C:\Users\sound\OneDrive\Documents\Selenium\selenium-chrome-driver-4.15.0-sources.jar;C:\Users\sound\OneDrive\Documents\Selenium\selenium-chromium-driver-4.15.0.jar;C:\Users\sound\OneDrive\Documents\Selenium\selenium-chromium-driver-4.15.0-sources.jar;C:\Users\sound\OneDrive\Documents\Selenium\selenium-devtools-v85-4.15.0.jar;C:\Users\sound\OneDrive\Documents\Selenium\selenium-devtools-v85-4.15.0-sources.jar;C:\Users\sound\OneDrive\Documents\Selenium\selenium-devtools-v117-4.15.0.jar;C:\Users\sound\OneDrive\Documents\Selenium\selenium-devtools-v117-4.15.0-sources.jar;C:\Users\sound\OneDrive\Documents\Selenium\selenium-devtools-v118-4.15.0.jar;C:\Users\sound\OneDrive\Documents\Selenium\selenium-devtools-v118-4.15.0-sources.jar;C:\Users\sound\OneDrive\Documents\Selenium\selenium-devtools-v119-4.15.0.jar;C:\Users\sound\OneDrive\Documents\Selenium\selenium-devtools-v119-4.15.0-sources.jar;C:\Users\sound\OneDrive\Documents\Selenium\selenium-edge-driver-4.15.0.jar;C:\Users\sound\OneDrive\Documents\Selenium\selenium-edge-driver-4.15.0-sources.jar;C:\Users\sound\OneDrive\Documents\Selenium\selenium-firefox-driver-4.15.0.jar;C:\Users\sound\OneDrive\Documents\Selenium\selenium-firefox-driver-4.15.0-sources.jar;C:\Users\sound\OneDrive\Documents\Selenium\selenium-http-4.15.0.jar;C:\Users\sound\OneDrive\Documents\Selenium\selenium-http-4.15.0-sources.jar;C:\Users\sound\OneDrive\Documents\Selenium\selenium-ie-driver-4.15.0.jar;C:\Users\sound\OneDrive\Documents\Selenium\selenium-ie-driver-4.15.0-sources.jar;C:\Users\sound\OneDrive\Documents\Selenium\selenium-java-4.15.0.jar;C:\Users\sound\OneDrive\Documents\Selenium\selenium-java-4.15.0-sources.jar;C:\Users\sound\OneDrive\Documents\Seleniu
Launcher Type: SUN_STANDARD

[Global flags]
     intx CICompilerCount                          = 4                                         {product} {ergonomic}
     uint ConcGCThreads                            = 2                                         {product} {ergonomic}
     uint G1ConcRefinementThreads                  = 8                                         {product} {ergonomic}
   size_t G1HeapRegionSize                         = 1048576                                   {product} {ergonomic}
    uintx GCDrainStackTargetSize                   = 64                                        {product} {ergonomic}
   size_t InitialHeapSize                          = 130023424                                 {product} {ergonomic}
   size_t MarkStackSize                            = 4194304                                   {product} {ergonomic}
   size_t MaxHeapSize                              = 2076180480                                {product} {ergonomic}
   size_t MaxNewSize                               = 1245708288                                {product} {ergonomic}
   size_t MinHeapDeltaBytes                        = 1048576                                   {product} {ergonomic}
   size_t MinHeapSize                              = 8388608                                   {product} {ergonomic}
    uintx NonNMethodCodeHeapSize                   = 5839372                                {pd product} {ergonomic}
    uintx NonProfiledCodeHeapSize                  = 122909434                              {pd product} {ergonomic}
    uintx ProfiledCodeHeapSize                     = 122909434                              {pd product} {ergonomic}
    uintx ReservedCodeCacheSize                    = 251658240                              {pd product} {ergonomic}
     bool SegmentedCodeCache                       = true                                      {product} {ergonomic}
     bool ShowCodeDetailsInExceptionMessages       = true                                   {manageable} {command line}
   size_t SoftMaxHeapSize                          = 2076180480                             {manageable} {ergonomic}
     bool UseCompressedClassPointers               = true                           {product lp64_product} {ergonomic}
     bool UseCompressedOops                        = true                           {product lp64_product} {ergonomic}
     bool UseG1GC                                  = true                                      {product} {ergonomic}
     bool UseLargePagesIndividualAllocation        = false                                  {pd product} {ergonomic}

Logging:
Log output configuration:
 #0: stdout all=warning uptime,level,tags
 #1: stderr all=off uptime,level,tags

Environment Variables:
JAVA_HOME=C:\Program Files\Java\jdk-17
PATH=C:\Program Files\Common Files\Oracle\Java\javapath;C:\Windows\system32;C:\Windows;C:\Windows\System32\Wbem;C:\Windows\System32\WindowsPowerShell\v1.0\;C:\Windows\System32\OpenSSH\;C:\Program Files\Java\jdk-17\bin;C:\Program Files\Common Files\Oracle\Java\javapath;C:\Program Files\Maven\apache-maven-3.9.5\bin;C:\Users\sound\AppData\Local\Microsoft\WindowsApps;
USERNAME=sound
OS=Windows_NT
PROCESSOR_IDENTIFIER=Intel64 Family 6 Model 154 Stepping 4, GenuineIntel



---------------  S Y S T E M  ---------------

OS:
 Windows 11 , 64 bit Build 22621 (10.0.22621.2506)
OS uptime: 4 days 7:07 hours
Hyper-V role detected

CPU: total 8 (initial active 8) (4 cores per cpu, 2 threads per core) family 6 model 154 stepping 4 microcode 0x424, cx8, cmov, fxsr, ht, mmx, 3dnowpref, sse, sse2, sse3, ssse3, sse4.1, sse4.2, popcnt, lzcnt, tsc, tscinvbit, avx, avx2, aes, erms, clmul, bmi1, bmi2, adx, sha, fma, vzeroupper, clflush, clflushopt, clwb, hv

Memory: 4k page, system-wide physical 7916M (581M free)
TotalPageFile size 32492M (AvailPageFile size 0M)
current process WorkingSet (physical memory assigned to process): 12M, peak: 107M
current process commit charge ("private bytes"): 229M, peak: 247M

vm_info: Java HotSpot(TM) 64-Bit Server VM (17.0.9+11-LTS-201) for windows-amd64 JRE (17.0.9+11-LTS-201), built on Oct 10 2023 23:16:06 by "mach5one" with MS VC++ 17.1 (VS2022)

END.
